<?xml version="1.0" encoding="UTF-8"?>
<Site BuildName="Linux-c++"
	BuildStamp="20210810-1133-Experimental"
	Name="Nerys-Workstation"
	Generator="ctest-3.21.1"
	CompilerName="/usr/bin/c++"
	CompilerVersion="11.1.0"
	OSName="Linux"
	Hostname="Nerys-Workstation"
	OSRelease="5.10.53-1-MANJARO"
	OSVersion="#1 SMP PREEMPT Mon Jul 26 07:18:28 UTC 2021"
	OSPlatform="x86_64"
	Is64Bits="1"
	VendorString="AuthenticAMD"
	VendorID="Advanced Micro Devices"
	FamilyID="23"
	ModelID="113"
	ProcessorCacheSize="512"
	NumberOfLogicalCPU="16"
	NumberOfPhysicalCPU="8"
	TotalVirtualMemory="17595"
	TotalPhysicalMemory="15992"
	LogicalProcessorsPerPhysical="2"
	ProcessorClockFrequency="4049.82"
	>
	<Testing>
		<StartDateTime>Aug 10 23:33 NZST</StartDateTime>
		<StartTestTime>1628595183</StartTestTime>
		<TestList/>
		<EndDateTime>Aug 10 23:33 NZST</EndDateTime>
		<EndTestTime>1628595183</EndTestTime>
		<ElapsedMinutes>0</ElapsedMinutes>
	</Testing>
</Site>
